<?xml version="1.0" encoding="UTF-8"?>
<!-- Generated by org.testng.reporters.JUnitReportReporter -->
<testsuite skipped="0" hostname="Terralogics-MacBook-Pro-2.local" name="automation.ebay.Login_Existing_User" tests="16" failures="1" timestamp="20 Jul 2020 12:39:37 GMT" time="167.938" errors="0">
  <testcase name="existingusersignin" time="11.611" classname="automation.ebay.Login_Existing_User"/>
  <testcase name="switchmsgapp" time="0.367" classname="automation.ebay.Login_Existing_User"/>
  <testcase name="viewmsg" time="21.569" classname="automation.ebay.Login_Existing_User"/>
  <testcase name="userlangpref" time="22.442" classname="automation.ebay.Login_Existing_User"/>
  <testcase name="navtoAddresform" time="12.036" classname="automation.ebay.Login_Existing_User"/>
  <testcase name="selectnewAddresform" time="3.654" classname="automation.ebay.Login_Existing_User"/>
  <testcase name="filldeliveryaddress" time="7.507" classname="automation.ebay.Login_Existing_User"/>
  <testcase name="verifydropdown" time="2.661" classname="automation.ebay.Login_Existing_User"/>
  <testcase name="verifydropdown" time="13.999" classname="automation.ebay.Login_Existing_User"/>
  <testcase name="verifySaveAddressConfirmation" time="3.761" classname="automation.ebay.Login_Existing_User"/>
  <testcase name="navigatehome" time="4.320" classname="automation.ebay.Login_Existing_User"/>
  <testcase name="searchTV" time="9.525" classname="automation.ebay.Login_Existing_User"/>
  <testcase name="scrollTVlistSelect" time="12.792" classname="automation.ebay.Login_Existing_User"/>
  <testcase name="tvDetails" time="30.858" classname="automation.ebay.Login_Existing_User"/>
  <testcase name="gotocartview" time="4.123" classname="automation.ebay.Login_Existing_User"/>
  <testcase name="proceedpay" time="6.713" classname="automation.ebay.Login_Existing_User">
    <failure type="java.lang.AssertionError" message="expected [TCL 108 cm (43 inches)  AI 4K UHD Certified Android Smart LED TV...] but found [TCL 108 cm (43 inches)  AI 4K UHD Certified Android Smart LED TV 43P8 (Black) (2019 Model)]">
      <![CDATA[java.lang.AssertionError: expected [TCL 108 cm (43 inches)  AI 4K UHD Certified Android Smart LED TV...] but found [TCL 108 cm (43 inches)  AI 4K UHD Certified Android Smart LED TV 43P8 (Black) (2019 Model)]
at org.testng.Assert.fail(Assert.java:96)
at org.testng.Assert.failNotEquals(Assert.java:776)
at org.testng.Assert.assertEqualsImpl(Assert.java:137)
at org.testng.Assert.assertEquals(Assert.java:118)
at org.testng.Assert.assertEquals(Assert.java:453)
at org.testng.Assert.assertEquals(Assert.java:463)
at pageActions.ProceedPayPageActions.getTvDesatPay(ProceedPayPageActions.java:38)
at automation.ebay.Login_Existing_User.proceedpay(Login_Existing_User.java:224)
at sun.reflect.NativeMethodAccessorImpl.invoke0(Native Method)
at sun.reflect.NativeMethodAccessorImpl.invoke(NativeMethodAccessorImpl.java:62)
at sun.reflect.DelegatingMethodAccessorImpl.invoke(DelegatingMethodAccessorImpl.java:43)
at java.lang.reflect.Method.invoke(Method.java:498)
at org.testng.internal.MethodInvocationHelper.invokeMethod(MethodInvocationHelper.java:124)
at org.testng.internal.Invoker.invokeMethod(Invoker.java:583)
at org.testng.internal.Invoker.invokeTestMethod(Invoker.java:719)
at org.testng.internal.Invoker.invokeTestMethods(Invoker.java:989)
at org.testng.internal.TestMethodWorker.invokeTestMethods(TestMethodWorker.java:125)
at org.testng.internal.TestMethodWorker.run(TestMethodWorker.java:109)
at org.testng.TestRunner.privateRun(TestRunner.java:648)
at org.testng.TestRunner.run(TestRunner.java:505)
at org.testng.SuiteRunner.runTest(SuiteRunner.java:455)
at org.testng.SuiteRunner.runSequentially(SuiteRunner.java:450)
at org.testng.SuiteRunner.privateRun(SuiteRunner.java:415)
at org.testng.SuiteRunner.run(SuiteRunner.java:364)
at org.testng.SuiteRunnerWorker.runSuite(SuiteRunnerWorker.java:52)
at org.testng.SuiteRunnerWorker.run(SuiteRunnerWorker.java:84)
at org.testng.TestNG.runSuitesSequentially(TestNG.java:1208)
at org.testng.TestNG.runSuitesLocally(TestNG.java:1137)
at org.testng.TestNG.runSuites(TestNG.java:1049)
at org.testng.TestNG.run(TestNG.java:1017)
at org.apache.maven.surefire.testng.TestNGExecutor.run(TestNGExecutor.java:283)
at org.apache.maven.surefire.testng.TestNGXmlTestSuite.execute(TestNGXmlTestSuite.java:75)
at org.apache.maven.surefire.testng.TestNGProvider.invoke(TestNGProvider.java:120)
at org.apache.maven.surefire.booter.ForkedBooter.invokeProviderInSameClassLoader(ForkedBooter.java:386)
at org.apache.maven.surefire.booter.ForkedBooter.runSuitesInProcess(ForkedBooter.java:323)
at org.apache.maven.surefire.booter.ForkedBooter.main(ForkedBooter.java:143)
]]>
    </failure>
  </testcase> <!-- proceedpay -->
</testsuite> <!-- automation.ebay.Login_Existing_User -->
